\BOOKMARK [1][-]{section.1}{Introduction}{}% 1
\BOOKMARK [1][-]{section.2}{Theory}{}% 2
\BOOKMARK [2][-]{subsection.2.1}{The Contact Potential Difference and the Kelvin Probe}{section.2}% 3
\BOOKMARK [2][-]{subsection.2.2}{The Surface Photovoltage and Band Bending}{section.2}% 4
\BOOKMARK [1][-]{section.3}{Kelvin Probes in use}{}% 5
\BOOKMARK [2][-]{subsection.3.1}{The Lakeshore Cryogenic System coupled with a Mc Allister Kelvin Probe}{section.3}% 6
\BOOKMARK [1][-]{section.4}{Measuring CPD at room temperature}{}% 7
\BOOKMARK [2][-]{subsection.4.1}{Sample Preparation}{section.4}% 8
\BOOKMARK [2][-]{subsection.4.2}{Results \046 Discussion}{section.4}% 9
\BOOKMARK [1][-]{section.5}{CPD as function of pressure and temperature}{}% 10
\BOOKMARK [2][-]{subsection.5.1}{CPD as a function of pressure}{section.5}% 11
\BOOKMARK [2][-]{subsection.5.2}{CPD as a function of temperature}{section.5}% 12
\BOOKMARK [2][-]{subsection.5.3}{Conclusion}{section.5}% 13
\BOOKMARK [1][-]{section.6}{Measuring the SPV at room temperature}{}% 14
\BOOKMARK [1][-]{section.7}{Temperature dependent measurement of the SPV}{}% 15
\BOOKMARK [2][-]{subsection.7.1}{Vanadium oxide}{section.7}% 16
\BOOKMARK [3][-]{subsubsection.7.1.1}{Discription of samples and preliminary research carried out at the Cahen group}{subsection.7.1}% 17
\BOOKMARK [3][-]{subsubsection.7.1.2}{Experimental procedure, results and discussion}{subsection.7.1}% 18
\BOOKMARK [1][-]{section.8}{Conclusion}{}% 19
\BOOKMARK [1][-]{section.9}{Appendix}{}% 20
